0 info it worked if it ends with ok
1 verbose cli [ '/usr/bin/node', '/usr/bin/npm', 'install', 'mongolab' ]
2 info using npm@1.4.28
3 info using node@v0.10.36
4 verbose node symlink /usr/bin/node
5 verbose cache add [ 'mongolab', null ]
6 verbose cache add name=undefined spec="mongolab" args=["mongolab",null]
7 verbose parsed url { protocol: null,
7 verbose parsed url   slashes: null,
7 verbose parsed url   auth: null,
7 verbose parsed url   host: null,
7 verbose parsed url   port: null,
7 verbose parsed url   hostname: null,
7 verbose parsed url   hash: null,
7 verbose parsed url   search: null,
7 verbose parsed url   query: null,
7 verbose parsed url   pathname: 'mongolab',
7 verbose parsed url   path: 'mongolab',
7 verbose parsed url   href: 'mongolab' }
8 silly makeCacheDir cache dir uid, gid [ 0, 0 ]
9 silly lockFile 3b49f447-mongolab mongolab
10 verbose lock mongolab /root/.npm/3b49f447-mongolab.lock
11 silly lockFile 3b49f447-mongolab mongolab
12 silly lockFile 3b49f447-mongolab mongolab
13 verbose addNamed [ 'mongolab', '' ]
14 verbose addNamed [ null, '*' ]
15 silly lockFile 7134f9ba-mongolab mongolab@
16 verbose lock mongolab@ /root/.npm/7134f9ba-mongolab.lock
17 silly addNameRange { name: 'mongolab', range: '*', hasData: false }
18 verbose request where is /mongolab
19 verbose request registry https://registry.npmjs.org/
20 verbose request id a2fd0d279f055ca6
21 verbose url raw /mongolab
22 verbose url resolving [ 'https://registry.npmjs.org/', './mongolab' ]
23 verbose url resolved https://registry.npmjs.org/mongolab
24 verbose request where is https://registry.npmjs.org/mongolab
25 info trying registry request attempt 1 at 21:00:57
26 http GET https://registry.npmjs.org/mongolab
27 http 404 https://registry.npmjs.org/mongolab
28 verbose headers { date: 'Mon, 09 Mar 2015 20:00:57 GMT',
28 verbose headers   server: 'CouchDB/1.5.0 (Erlang OTP/R16B03)',
28 verbose headers   'content-type': 'application/json',
28 verbose headers   'cache-control': 'max-age=0',
28 verbose headers   'content-length': '52',
28 verbose headers   'accept-ranges': 'bytes',
28 verbose headers   via: '1.1 varnish',
28 verbose headers   age: '0',
28 verbose headers   'x-served-by': 'cache-ams4141-AMS',
28 verbose headers   'x-cache': 'MISS',
28 verbose headers   'x-cache-hits': '0',
28 verbose headers   'x-timer': 'S1425931257.822831,VS0,VE113',
28 verbose headers   'keep-alive': 'timeout=10, max=50',
28 verbose headers   connection: 'Keep-Alive' }
29 silly registry.get cb [ 404,
29 silly registry.get   { date: 'Mon, 09 Mar 2015 20:00:57 GMT',
29 silly registry.get     server: 'CouchDB/1.5.0 (Erlang OTP/R16B03)',
29 silly registry.get     'content-type': 'application/json',
29 silly registry.get     'cache-control': 'max-age=0',
29 silly registry.get     'content-length': '52',
29 silly registry.get     'accept-ranges': 'bytes',
29 silly registry.get     via: '1.1 varnish',
29 silly registry.get     age: '0',
29 silly registry.get     'x-served-by': 'cache-ams4141-AMS',
29 silly registry.get     'x-cache': 'MISS',
29 silly registry.get     'x-cache-hits': '0',
29 silly registry.get     'x-timer': 'S1425931257.822831,VS0,VE113',
29 silly registry.get     'keep-alive': 'timeout=10, max=50',
29 silly registry.get     connection: 'Keep-Alive' } ]
30 silly lockFile 7134f9ba-mongolab mongolab@
31 silly lockFile 7134f9ba-mongolab mongolab@
32 error 404 404 Not Found: mongolab
32 error 404
32 error 404 'mongolab' is not in the npm registry.
32 error 404 You should bug the author to publish it
32 error 404
32 error 404 Note that you can also install from a
32 error 404 tarball, folder, or http url, or git url.
33 error System Linux 3.2.0-4-amd64
34 error command "/usr/bin/node" "/usr/bin/npm" "install" "mongolab"
35 error cwd /home/adrix/Ruby/tp-chat
36 error node -v v0.10.36
37 error npm -v 1.4.28
38 error code E404
39 verbose exit [ 1, true ]
